# JRE version: Java(TM) SE Runtime Environment (8.0_144-b01) (build 1.8.0_144-b01)
# Java VM: Java HotSpot(TM) 64-Bit Server VM (25.144-b01 mixed mode linux-amd64 compressed oops)
Heap:
 PSYoungGen      total 403456K, used 3754K [0x00000000d6f00000, 0x00000000f1700000, 0x0000000100000000)
  eden space 392192K, 0% used [0x00000000d6f00000,0x00000000d6f00000,0x00000000eee00000)
  from space 11264K, 33% used [0x00000000f0c00000,0x00000000f0faabf0,0x00000000f1700000)
  to   space 20992K, 0% used [0x00000000eee00000,0x00000000eee00000,0x00000000f0280000)
 ParOldGen       total 94208K, used 27568K [0x0000000084c00000, 0x000000008a800000, 0x00000000d6f00000)
  object space 94208K, 29% used [0x0000000084c00000,0x00000000866ec208,0x000000008a800000)
 Metaspace       used 53056K, capacity 53810K, committed 54016K, reserved 1095680K
  class space    used 6721K, capacity 6905K, committed 6912K, reserved 1048576K
GC Heap History (10 events):
Event: 224.828 GC heap after
Heap after GC invocations=13 (full 3):
 PSYoungGen      total 374784K, used 0K [0x00000000d6f00000, 0x00000000ef380000, 0x0000000100000000)
  eden space 352768K, 0% used [0x00000000d6f00000,0x00000000d6f00000,0x00000000ec780000)
  from space 22016K, 0% used [0x00000000ede00000,0x00000000ede00000,0x00000000ef380000)
  to   space 22528K, 0% used [0x00000000ec780000,0x00000000ec780000,0x00000000edd80000)
 ParOldGen       total 94208K, used 27552K [0x0000000084c00000, 0x000000008a800000, 0x00000000d6f00000)
  object space 94208K, 29% used [0x0000000084c00000,0x00000000866e8208,0x000000008a800000)
 Metaspace       used 51609K, capacity 52244K, committed 52736K, reserved 1095680K
  class space    used 6630K, capacity 6799K, committed 6912K, reserved 1048576K
}
Event: 377.362 GC heap before
{Heap before GC invocations=14 (full 3):
 PSYoungGen      total 374784K, used 352768K [0x00000000d6f00000, 0x00000000ef380000, 0x0000000100000000)
  eden space 352768K, 100% used [0x00000000d6f00000,0x00000000ec780000,0x00000000ec780000)
  from space 22016K, 0% used [0x00000000ede00000,0x00000000ede00000,0x00000000ef380000)
  to   space 22528K, 0% used [0x00000000ec780000,0x00000000ec780000,0x00000000edd80000)
 ParOldGen       total 94208K, used 27552K [0x0000000084c00000, 0x000000008a800000, 0x00000000d6f00000)
  object space 94208K, 29% used [0x0000000084c00000,0x00000000866e8208,0x000000008a800000)
 Metaspace       used 52599K, capacity 53370K, committed 53504K, reserved 1095680K
  class space    used 6678K, capacity 6868K, committed 6912K, reserved 1048576K
Event: 377.374 GC heap after
Heap after GC invocations=14 (full 3):
 PSYoungGen      total 375296K, used 10689K [0x00000000d6f00000, 0x00000000f3500000, 0x0000000100000000)
  eden space 352768K, 0% used [0x00000000d6f00000,0x00000000d6f00000,0x00000000ec780000)
  from space 22528K, 47% used [0x00000000ec780000,0x00000000ed1f04c8,0x00000000edd80000)
  to   space 21504K, 0% used [0x00000000f2000000,0x00000000f2000000,0x00000000f3500000)
 ParOldGen       total 94208K, used 27560K [0x0000000084c00000, 0x000000008a800000, 0x00000000d6f00000)
  object space 94208K, 29% used [0x0000000084c00000,0x00000000866ea208,0x000000008a800000)
 Metaspace       used 52599K, capacity 53370K, committed 53504K, reserved 1095680K
  class space    used 6678K, capacity 6868K, committed 6912K, reserved 1048576K
}
Event: 870.380 GC heap before
{Heap before GC invocations=15 (full 3):
 PSYoungGen      total 375296K, used 363457K [0x00000000d6f00000, 0x00000000f3500000, 0x0000000100000000)
  eden space 352768K, 100% used [0x00000000d6f00000,0x00000000ec780000,0x00000000ec780000)
  from space 22528K, 47% used [0x00000000ec780000,0x00000000ed1f04c8,0x00000000edd80000)
  to   space 21504K, 0% used [0x00000000f2000000,0x00000000f2000000,0x00000000f3500000)
 ParOldGen       total 94208K, used 27560K [0x0000000084c00000, 0x000000008a800000, 0x00000000d6f00000)
  object space 94208K, 29% used [0x0000000084c00000,0x00000000866ea208,0x000000008a800000)
 Metaspace       used 52687K, capacity 53452K, committed 53760K, reserved 1095680K
  class space    used 6680K, capacity 6871K, committed 6912K, reserved 1048576K
Event: 870.397 GC heap after
Heap after GC invocations=15 (full 3):
 PSYoungGen      total 417792K, used 7496K [0x00000000d6f00000, 0x00000000f2800000, 0x0000000100000000)
  eden space 409600K, 0% used [0x00000000d6f00000,0x00000000d6f00000,0x00000000eff00000)
  from space 8192K, 91% used [0x00000000f2000000,0x00000000f2752190,0x00000000f2800000)
  to   space 20992K, 0% used [0x00000000eff00000,0x00000000eff00000,0x00000000f1380000)
 ParOldGen       total 94208K, used 27568K [0x0000000084c00000, 0x000000008a800000, 0x00000000d6f00000)
  object space 94208K, 29% used [0x0000000084c00000,0x00000000866ec208,0x000000008a800000)
 Metaspace       used 52687K, capacity 53452K, committed 53760K, reserved 1095680K
  class space    used 6680K, capacity 6871K, committed 6912K, reserved 1048576K
}
Event: 1468.664 GC heap before
{Heap before GC invocations=16 (full 3):
 PSYoungGen      total 417792K, used 417096K [0x00000000d6f00000, 0x00000000f2800000, 0x0000000100000000)
  eden space 409600K, 100% used [0x00000000d6f00000,0x00000000eff00000,0x00000000eff00000)
  from space 8192K, 91% used [0x00000000f2000000,0x00000000f2752190,0x00000000f2800000)
  to   space 20992K, 0% used [0x00000000eff00000,0x00000000eff00000,0x00000000f1380000)
 ParOldGen       total 94208K, used 27568K [0x0000000084c00000, 0x000000008a800000, 0x00000000d6f00000)
  object space 94208K, 29% used [0x0000000084c00000,0x00000000866ec208,0x000000008a800000)
 Metaspace       used 52701K, capacity 53452K, committed 53760K, reserved 1095680K
  class space    used 6680K, capacity 6871K, committed 6912K, reserved 1048576K
Event: 1468.680 GC heap after
Heap after GC invocations=16 (full 3):
 PSYoungGen      total 399872K, used 7479K [0x00000000d6f00000, 0x00000000f2080000, 0x0000000100000000)
  eden space 392192K, 0% used [0x00000000d6f00000,0x00000000d6f00000,0x00000000eee00000)
  from space 7680K, 97% used [0x00000000eff00000,0x00000000f064dd20,0x00000000f0680000)
  to   space 20992K, 0% used [0x00000000f0c00000,0x00000000f0c00000,0x00000000f2080000)
 ParOldGen       total 94208K, used 27568K [0x0000000084c00000, 0x000000008a800000, 0x00000000d6f00000)
  object space 94208K, 29% used [0x0000000084c00000,0x00000000866ec208,0x000000008a800000)
 Metaspace       used 52701K, capacity 53452K, committed 53760K, reserved 1095680K
  class space    used 6680K, capacity 6871K, committed 6912K, reserved 1048576K
}
Event: 1648.708 GC heap before
{Heap before GC invocations=17 (full 3):
 PSYoungGen      total 399872K, used 127114K [0x00000000d6f00000, 0x00000000f2080000, 0x0000000100000000)
  eden space 392192K, 30% used [0x00000000d6f00000,0x00000000de3d4e10,0x00000000eee00000)
  from space 7680K, 97% used [0x00000000eff00000,0x00000000f064dd20,0x00000000f0680000)
  to   space 20992K, 0% used [0x00000000f0c00000,0x00000000f0c00000,0x00000000f2080000)
 ParOldGen       total 94208K, used 27568K [0x0000000084c00000, 0x000000008a800000, 0x00000000d6f00000)
  object space 94208K, 29% used [0x0000000084c00000,0x00000000866ec208,0x000000008a800000)
 Metaspace       used 53056K, capacity 53810K, committed 54016K, reserved 1095680K
  class space    used 6721K, capacity 6905K, committed 6912K, reserved 1048576K
Event: 1648.718 GC heap after
Heap after GC invocations=17 (full 3):
 PSYoungGen      total 403456K, used 3754K [0x00000000d6f00000, 0x00000000f1700000, 0x0000000100000000)
  eden space 392192K, 0% used [0x00000000d6f00000,0x00000000d6f00000,0x00000000eee00000)
  from space 11264K, 33% used [0x00000000f0c00000,0x00000000f0faabf0,0x00000000f1700000)
  to   space 20992K, 0% used [0x00000000eee00000,0x00000000eee00000,0x00000000f0280000)
 ParOldGen       total 94208K, used 27568K [0x0000000084c00000, 0x000000008a800000, 0x00000000d6f00000)
  object space 94208K, 29% used [0x0000000084c00000,0x00000000866ec208,0x000000008a800000)
 Metaspace       used 53056K, capacity 53810K, committed 54016K, reserved 1095680K
  class space    used 6721K, capacity 6905K, committed 6912K, reserved 1048576K
}
Event: 1648.718 GC heap before
{Heap before GC invocations=18 (full 4):
 PSYoungGen      total 403456K, used 3754K [0x00000000d6f00000, 0x00000000f1700000, 0x0000000100000000)
  eden space 392192K, 0% used [0x00000000d6f00000,0x00000000d6f00000,0x00000000eee00000)
  from space 11264K, 33% used [0x00000000f0c00000,0x00000000f0faabf0,0x00000000f1700000)
  to   space 20992K, 0% used [0x00000000eee00000,0x00000000eee00000,0x00000000f0280000)
 ParOldGen       total 94208K, used 27568K [0x0000000084c00000, 0x000000008a800000, 0x00000000d6f00000)
  object space 94208K, 29% used [0x0000000084c00000,0x00000000866ec208,0x000000008a800000)
 Metaspace       used 53056K, capacity 53810K, committed 54016K, reserved 1095680K
  class space    used 6721K, capacity 6905K, committed 6912K, reserved 1048576K

